Processing file: /mnt/i3S/homes/fabio.ferreira/DeNonCode/BMK_DATA_20240719195159_1/Bowtie2_RefEnhancer/Pool2/MergedReads/E22P3B3/ultraplex_demux_Unknown_CB761-002F0002_1.fq.gz_E22P3B3M_Fwd_filtered.sam
[M::bam2fq_mainloop] discarded 0 singletons
[M::bam2fq_mainloop] processed 36023 reads
Processing file: /mnt/i3S/homes/fabio.ferreira/DeNonCode/BMK_DATA_20240719195159_1/Bowtie2_RefEnhancer/Pool2/MergedReads/E22P3B3/ultraplex_demux_Unknown_CB761-002F0002_1.fq.gz_E22P3B3MM_Fwd_filtered.sam
[M::bam2fq_mainloop] discarded 0 singletons
[M::bam2fq_mainloop] processed 10471 reads
Processing file: /mnt/i3S/homes/fabio.ferreira/DeNonCode/BMK_DATA_20240719195159_1/Bowtie2_RefEnhancer/Pool2/MergedReads/E22P3B3/ultraplex_demux_Unknown_CB761-002F0002_1.fq.gz_E22P3B3P_Fwd_filtered.sam
[M::bam2fq_mainloop] discarded 0 singletons
[M::bam2fq_mainloop] processed 50783 reads
Processing file: /mnt/i3S/homes/fabio.ferreira/DeNonCode/BMK_DATA_20240719195159_1/Bowtie2_RefEnhancer/Pool2/MergedReads/E22P3B3/ultraplex_demux_Unknown_CB761-002F0002_1.fq.gz_E22P3B3PP_Fwd_filtered.sam
[M::bam2fq_mainloop] discarded 0 singletons
[M::bam2fq_mainloop] processed 78187 reads
Processing file: /mnt/i3S/homes/fabio.ferreira/DeNonCode/BMK_DATA_20240719195159_1/Bowtie2_RefEnhancer/Pool2/MergedReads/E24A3/ultraplex_demux_Unknown_CB761-002F0002_1.fq.gz_E24A3M_Fwd_filtered.sam
[M::bam2fq_mainloop] discarded 0 singletons
[M::bam2fq_mainloop] processed 19849 reads
Processing file: /mnt/i3S/homes/fabio.ferreira/DeNonCode/BMK_DATA_20240719195159_1/Bowtie2_RefEnhancer/Pool2/MergedReads/E24A3/ultraplex_demux_Unknown_CB761-002F0002_1.fq.gz_E24A3MM_Fwd_filtered.sam
[M::bam2fq_mainloop] discarded 0 singletons
[M::bam2fq_mainloop] processed 5030 reads
Processing file: /mnt/i3S/homes/fabio.ferreira/DeNonCode/BMK_DATA_20240719195159_1/Bowtie2_RefEnhancer/Pool2/MergedReads/E24A3/ultraplex_demux_Unknown_CB761-002F0002_1.fq.gz_E24A3P_Fwd_filtered.sam
[M::bam2fq_mainloop] discarded 0 singletons
[M::bam2fq_mainloop] processed 5592 reads
Processing file: /mnt/i3S/homes/fabio.ferreira/DeNonCode/BMK_DATA_20240719195159_1/Bowtie2_RefEnhancer/Pool2/MergedReads/E24A3/ultraplex_demux_Unknown_CB761-002F0002_1.fq.gz_E24A3PP_Fwd_filtered.sam
[M::bam2fq_mainloop] discarded 0 singletons
[M::bam2fq_mainloop] processed 5858 reads
Processing file: /mnt/i3S/homes/fabio.ferreira/DeNonCode/BMK_DATA_20240719195159_1/Bowtie2_RefEnhancer/Pool2/MergedReads/E25E10/ultraplex_demux_Unknown_CB761-002F0002_1.fq.gz_E25E10M_Fwd_filtered.sam
[M::bam2fq_mainloop] discarded 0 singletons
[M::bam2fq_mainloop] processed 132992 reads
Processing file: /mnt/i3S/homes/fabio.ferreira/DeNonCode/BMK_DATA_20240719195159_1/Bowtie2_RefEnhancer/Pool2/MergedReads/E25E10/ultraplex_demux_Unknown_CB761-002F0002_1.fq.gz_E25E10MM_Fwd_filtered.sam
[M::bam2fq_mainloop] discarded 0 singletons
[M::bam2fq_mainloop] processed 80512 reads
Processing file: /mnt/i3S/homes/fabio.ferreira/DeNonCode/BMK_DATA_20240719195159_1/Bowtie2_RefEnhancer/Pool2/MergedReads/E25E10/ultraplex_demux_Unknown_CB761-002F0002_1.fq.gz_E25E10P_Fwd_filtered.sam
[M::bam2fq_mainloop] discarded 0 singletons
[M::bam2fq_mainloop] processed 136974 reads
Processing file: /mnt/i3S/homes/fabio.ferreira/DeNonCode/BMK_DATA_20240719195159_1/Bowtie2_RefEnhancer/Pool2/MergedReads/E25E10/ultraplex_demux_Unknown_CB761-002F0002_1.fq.gz_E25E10PP_Fwd_filtered.sam
[M::bam2fq_mainloop] discarded 0 singletons
[M::bam2fq_mainloop] processed 1705 reads
